0:100  0:100  MemLog inited, TSC freq: 1800758560
0:100  0:000  CPU was calibrated with RTC
0:100  0:000  
0:100  0:000  Now is 28.07.2020,  06:41:41 (GMT)
0:100  0:000  Starting Clover revision: 5118 (master, commit 6529f815d) on Phoenix Technologies Ltd. EFI
0:100  0:000  Build with: [Args: -D NO_GRUB_DRIVERS_EMBEDDED -t GCC53 | -D NO_GRUB_DRIVERS_EMBEDDED --conf=/Users/sergey/src/Clover/Conf -D USE_LOW_EBDA -a X64 -b RELEASE -t GCC53 -n 5 | OS: 10.14.6]
0:100  0:000  SelfDevicePath=PciRoot(0x0)\Pci(0x17,0x0)\Sata(0x1,0x0,0x0)\HD(1,GPT,55130A55-05E4-40AC-9F36-820DA3D06CF6,0x28,0x64000) @A9934A98
0:100  0:000  SelfDirPath = \EFI\CLOVER
0:100  0:000  Clover : Image base = 0x957FD000
0:100  0:000  SimpleTextEx Status=Success
0:100  0:000  === [ Get Smbios ] ==============================
0:100  0:000  Type 16 Index = 0
0:100  0:000  Total Memory Slots Count = 2
0:100  0:000  Type 17 Index = 0
0:100  0:000  SmbiosTable.Type17->Speed = 2400MHz
0:100  0:000  SmbiosTable.Type17->Size = 8192MB
0:100  0:000  SmbiosTable.Type17->Bank/Device = BANK 0 ChannelA-DIMM0
0:100  0:000  SmbiosTable.Type17->Vendor = Kingston
0:100  0:000  SmbiosTable.Type17->SerialNumber = 0B3F8A58
0:100  0:000  SmbiosTable.Type17->PartNumber = 9905624-022.A00G    
0:100  0:000  Type 17 Index = 1
0:100  0:000  SmbiosTable.Type17->Speed = 2400MHz
0:100  0:000  SmbiosTable.Type17->Size = 8192MB
0:100  0:000  SmbiosTable.Type17->Bank/Device = BANK 2 ChannelB-DIMM0
0:100  0:000  SmbiosTable.Type17->Vendor = 0000
0:100  0:000  SmbiosTable.Type17->SerialNumber = 00000000
0:100  0:000  SmbiosTable.Type17->PartNumber = MEM-DOWN            
0:100  0:000  Boot status=0
0:100  0:000  Running on: '14Z980-G.AH52A2' with board '14Z980'
0:100  0:000  === [ GetCPUProperties ] ========================
0:100  0:000  CPU Vendor = 756E6547 Model=806EA
0:100  0:000   The CPU supported SSE4.1
0:100  0:000  BrandString = Intel(R) Core(TM) i5-8250U CPU @ 1.60GHz
0:100  0:000   The CPU supported turbo
0:100  0:000  MSR 0x35               40008
0:100  0:000   TSC/CCC Information Leaf:
0:100  0:000    numerator     : 150
0:100  0:000    denominator   : 2
0:100  0:000   Calibrated ARTFrequency: 24010114
0:100  0:000   Rounded ARTFrequency: 24000000
0:100  0:000  MSR 0xE2 before patch 1E008008
0:100  0:000  MSR 0xE2 is locked, PM patches will be turned on
0:100  0:000  MSR 0xCE              0004043D_F1011200
0:100  0:000  corrected FLEX_RATIO = 0
0:100  0:000  MSR 0x1B0             00000000
0:100  0:000  FSBFrequency = 162 MHz, DMI FSBFrequency = 100 MHz, Corrected FSBFrequency = 100 MHz
0:100  0:000  MaxDiv/MinDiv: 18.0/4
0:100  0:000  Turbo: 34/34/34/34
0:100  0:000  Features: 0x77FAFBBFBFEBFBFF
0:100  0:000  Threads: 8
0:100  0:000  Cores: 4
0:100  0:000  FSB: 100 MHz
0:100  0:000  CPU: 2900 MHz
0:100  0:000  TSC: 2900 MHz
0:100  0:000  PIS: 100 MHz
0:100  0:000  ExternalClock: 25 MHz
0:100  0:000  === [ GetDevices ] ==============================
0:100  0:000  GOP found at: PciRoot(0x0)/Pci(0x2,0x0)/AcpiAdr(0x80011400)
0:100  0:000  PCI (00|00:00.00) : 8086 5914 class=060000
0:100  0:000  PCI (00|00:02.00) : 8086 5917 class=030000
0:100  0:000   - GOP: Provided by device
0:100  0:000   - GFX: Model=Intel UHD Graphics 620 (Intel)
0:100  0:000  PCI (00|00:04.00) : 8086 1903 class=118000
0:100  0:000  PCI (00|00:14.00) : 8086 9D2F class=0C0330
0:100  0:000  PCI (00|00:14.02) : 8086 9D31 class=118000
0:100  0:000  PCI (00|00:15.00) : 8086 9D60 class=118000
0:100  0:000  PCI (00|00:15.03) : 8086 9D63 class=118000
0:100  0:000  PCI (00|00:16.00) : 8086 9D3A class=078000
0:100  0:000  PCI (00|00:17.00) : 8086 9D03 class=010601
0:100  0:000  PCI (00|00:1D.00) : 8086 9D1A class=060400
0:100  0:000  PCI (00|01:00.00) : 10EC 522A class=FF0000
0:100  0:000  PCI (00|00:1D.03) : 8086 9D1B class=060400
0:100  0:000  PCI (00|02:00.00) : 8086 24FD class=028000
0:100  0:000   - WIFI: Vendor=32902 = Intel
0:100  0:000  PCI (00|00:1F.00) : 8086 9D4E class=060100
0:100  0:000  PCI (00|00:1F.02) : 8086 9D21 class=058000
0:100  0:000  PCI (00|00:1F.03) : 8086 9D71 class=040300
0:100  0:000  PCI (00|00:1F.04) : 8086 9D23 class=0C0500
0:100  0:000  === [ GetDefaultSettings ] ======================
0:101  0:000  Clover load options size = 40 bytes
0:101  0:000  Clover started with option to boot bootmgfw.efi from EFI
0:102  0:001  CheckOEMPathExists tried EFI\CLOVER\OEM\14Z980\UEFI. Dir not exists
0:102  0:000  CheckOEMPathExists tried EFI\CLOVER\OEM\14Z980-G.AH52A2. Dir not exists
0:102  0:000  CheckOEMPathExists tried EFI\CLOVER\OEM\14Z980-G.AH52A2-2900. Dir not exists
0:102  0:000  CheckOEMPathExists tried EFI\CLOVER\OEM\14Z980. Dir not exists
0:102  0:000  CheckOEMPathExists tried EFI\CLOVER\OEM\14Z980-2900. Dir not exists
0:102  0:000  set OEMPath by default: EFI\CLOVER
0:104  0:001  EFI\CLOVER\config.plist loaded: Success
0:104  0:000  === [ GetListOfThemes ] =========================
0:105  0:000  - [00]: SimpleThemeDark
0:105  0:000  - [01]: Minimalism
0:105  0:000  - [02]: random
0:106  0:000  - [02]: embedded
0:106  0:000  - [02]: Neon
0:108  0:001  === [ Found config plists ] =====================
0:108  0:000  - config.plist
0:108  0:000  === [ GetEarlyUserSettings ] ====================
0:108  0:000  timeout set to 1
0:108  0:000  Custom boot CUSTOM_BOOT_THEME (0x0)
0:108  0:000   get BlueValue=1.200000
0:108  0:000  ForceKextsToLoad: 1 requested
0:108  0:000   - [0]: System\Library\Extensions\IOGraphicsFamily.kext
0:108  0:000  KextsToPatch: 3 requested
0:108  0:000   - [00]: com.apple.iokit.IOAHCIBlockStorage (Enable TRIM for SSD) :: BinPatch :: data len: 11
0:108  0:000   - [01]: com.apple.driver.AppleIntelLpssI2C (Prevent Apple I2C kexts from attaching to I2C controllers, credit CoolStar) :: BinPatch :: data len: 5
0:108  0:000   - [02]: com.apple.driver.AppleIntelLpssI2CController (Prevent Apple I2C kexts from attaching to I2C controllers, credit CoolStar) :: BinPatch :: data len: 5
0:108  0:000  KernelToPatch: 2 requested
0:108  0:000   - [00]: Disable panic kext logging on 10.13 Release kernel :: MatchOS: 10.13.x :: data len: 6
0:108  0:000   - [01]: Disable panic kext logging on 10.14 Release kernel (c) vit9696 :: MatchOS: 10.14.x :: data len: 6
0:108  0:000  Default theme: Neon
0:108  0:000  Hiding entries with string Preboot
0:108  0:000  Hiding entries with string Recovery
0:108  0:000  === [ LoadDrivers ] =============================
0:109  0:000  Loading AudioDxe.efi  status=Success
0:110  0:001   - driver needs connecting
0:110  0:000  Loading ApfsDriverLoader.efi  status=Success
0:111  0:001   - driver needs connecting
0:111  0:000  Loading AppleGenericInput.efi  status=Success
0:212  0:101  Loading NTFS.efi  status=Success
0:215  0:002   - driver needs connecting
0:215  0:000  Loading AppleUiSupport.efi  status=Success
0:319  0:103  Loading AptioMemoryFix.efi  status=Success
0:321  0:002  Loading FSInject.efi  status=Success
0:322  0:000  Loading HFSPlus.efi  status=Success
0:323  0:001   - driver needs connecting
0:323  0:000  Loading VirtualSmc.efi  status=Success
0:426  0:102  4 drivers needs connecting ...
0:426  0:000  PlatformDriverOverrideProtocol->GetDriver overriden
0:426  0:000  HFS+ driver loaded
0:426  0:000  APFS driver loaded
0:426  0:000  Searching for invalid DiskIo BY_DRIVER connects: not found, all ok
4:117  3:690  === [ InitScreen ] ==============================
4:117  0:000  Console modes reported: 5, available modes:
4:117  0:000   - [01]: 80x25
4:117  0:000   - [02]: 80x50
4:117  0:000   - [03]: 128x40
4:117  0:000   - [04]: 100x31
4:117  0:000   - [05]: 240x56 (current mode)
4:117  0:000  SetScreenResolution: 1920x1080 - already set
4:117  0:000  SetScreenResolution: 1920x1080 - already set
4:117  0:000  reinit: self device path=PciRoot(0x0)\Pci(0x17,0x0)\Sata(0x1,0x0,0x0)\HD(1,GPT,55130A55-05E4-40AC-9F36-820DA3D06CF6,0x28,0x64000)
4:117  0:000  new SelfHandle=A9934A98
4:117  0:000  === [ GetMacAddress ] ===========================
4:117  0:000  === [ ScanSPD ] =================================
4:117  0:000  Scanning SMBus [8086:9D23], mmio: 0xD1237004, ioport: 0xEFA0, hostc: 0x11
4:136  0:018  Slot: 0 Type 26 8192MB 2400MHz Vendor=Kingston PartNo=9905624-022.A00G SerialNo=0B3F8A58
4:137  0:001  === [ GetAcpiTablesList ] =======================
4:137  0:000  Get Acpi Tables List from RSDT:
4:137  0:000   - [00]: FACP  LGPC     len=268
4:137  0:000   - [01]: SSDT  XnSsdt  len=16677
4:137  0:000   - [02]: SSDT  Ther_Xnt len=1299
4:137  0:000   - [03]: SSDT  FwiTable len=20064
4:137  0:000   - [04]: SSDT  DptfTabl len=34423
4:137  0:000   - [05]: SSDT  Tpm2Tabl len=1219
4:137  0:000   - [06]: SSDT  MeSsdt  len=70
4:137  0:000   - [07]: TPM2  LGPC     len=52
4:137  0:000   - [08]: UEFI  LGPC     len=66
4:137  0:000   - [09]: SSDT  SaSsdt  len=12560
4:137  0:000   - [10]: HPET  LGPC     len=56
4:137  0:000   - [11]: APIC  LGPC     len=300
4:137  0:000   - [12]: MCFG  LGPC     len=60
4:137  0:000   - [13]: SSDT  xh_rvp07 len=3790
4:137  0:000   - [14]: BOOT  LGPC     len=40
4:137  0:000   - [15]: BATB  LGPC     len=74
4:137  0:000   - [16]: PMCT  LGPC     len=82
4:137  0:000   - [17]: SSDT  CpuSsdt len=6062
4:137  0:000   - [18]: SSDT  UsbCTabl len=4249
4:137  0:000   - [19]: LPIT  LGPC     len=148
4:137  0:000   - [20]: WSMT  LGPC     len=40
4:137  0:000   - [21]: SSDT  HdaDsp len=321
4:137  0:000   - [22]: SSDT  TbtTypeC len=1303
4:137  0:000   - [23]: DBGP  LGPC     len=52
4:137  0:000   - [24]: DBG2  LGPC     len=84
4:137  0:000   - [25]: MSDM  LGPC     len=85
4:137  0:000   - [26]: DMAR  LGPC     len=240
4:137  0:000   - [27]: FPDT  LGPC     len=68
4:137  0:000   - [28]: BGRT  LGPC     len=56
4:137  0:000   - [29]: UEFI  LGPC     len=298
4:137  0:000  Calibrated TSC Frequency = 1800758560 = 1800MHz
4:137  0:000  === [ GetUserSettings ] =========================
4:137  0:000  Add 2 devices (kTagTypeDict):
4:137  0:000  USB FixOwnership: yes
4:137  0:000   - final DSDT Fix mask=110600D4
4:137  0:000  PatchesDSDT: 3 requested
4:137  0:000   - [00]: (change SAT0 to SATA) lenToFind: 4, lenToReplace: 4, Target Bridge: 
4:137  0:000   - [01]: (Rename H_EC to EC (USB Power)) lenToFind: 4, lenToReplace: 4, Target Bridge: 
4:137  0:000   - [02]: (change _DSM to XDSM) lenToFind: 4, lenToReplace: 4, Target Bridge: 
4:137  0:000  Using ProductName from config: MacBookPro14,2
4:137  0:000  Found same BiosVersion in clover and config
4:137  0:000  BiosVersion: MBP142.88Z.F000.B00.2001311618
4:137  0:000  BiosReleaseDate: 01/31/2020
4:137  0:000  Using EfiVersion from clover: 205.0.0.0.0
4:137  0:000  Using FirmwareFeatures from config: 0xFC0FE176
4:137  0:000  Using FirmwareFeaturesMask from config: 0xFF1FFF7F
4:137  0:000  Board-ID set from config as Mac-CAD6701F7CEA0921
4:137  0:000  BoardType: 0xA
4:137  0:000  ChassisType: 0x9
4:139  0:001  === [ Found DSDT tables ] =======================
4:139  0:000  - DSDT.aml
5:015  0:876  === [ ScanVolumes ] =============================
5:015  0:000  Found 10 volumes with blockIO
5:015  0:000  - [00]: Volume: PciRoot(0x0)\Pci(0x17,0x0)\Sata(0x1,0x0,0x0)
5:015  0:000  - [01]: Volume: PciRoot(0x0)\Pci(0x17,0x0)\Sata(0x1,0x0,0x0)\HD(1,GPT,55130A55-05E4-40AC-9F36-820DA3D06CF6,0x28,0x64000)
5:015  0:000          Result of bootcode detection: bootable Windows (vista,win)
5:016  0:000          This is SelfVolume !!
5:016  0:000  - [02]: Volume: PciRoot(0x0)\Pci(0x17,0x0)\Sata(0x1,0x0,0x0)\HD(2,GPT,DEFFC0BD-2333-46AA-B6EA-F97845C790AF,0x64028,0xEE67FD8)
5:016  0:000          Result of bootcode detection: bootable unknown (legacy)
5:016  0:000  - [03]: Volume: PciRoot(0x0)\Pci(0x17,0x0)\Sata(0x1,0x0,0x0)\HD(3,GPT,7CA3C0BB-61F2-4430-92CD-194E4581B184,0xEECC000,0xEDE7000)
5:017  0:000          Result of bootcode detection: bootable Windows (vista,win)
5:017  0:000  - [04]: Volume: PciRoot(0x0)\Pci(0x17,0x0)\Sata(0x1,0x0,0x0)\HD(4,GPT,F2FF6673-4E9F-429E-9866-0144A4A7FE2C,0x1DCB3000,0x8000)
5:017  0:000  - [05]: Volume: PciRoot(0x0)\Pci(0x17,0x0)\Sata(0x1,0x0,0x0)\HD(2,GPT,DEFFC0BD-2333-46AA-B6EA-F97845C790AF,0x64028,0xEE67FD8)\VenMedia(BE74FCF7-0B7C-49F3-9147-01F4042E6842,157B83C8D2FF1A4FA037AF521B5263D3)
5:017  0:000          hiding this volume
5:017  0:000  - [06]: Volume: PciRoot(0x0)\Pci(0x17,0x0)\Sata(0x1,0x0,0x0)\HD(2,GPT,DEFFC0BD-2333-46AA-B6EA-F97845C790AF,0x64028,0xEE67FD8)\VenMedia(BE74FCF7-0B7C-49F3-9147-01F4042E6842,E1AE589F6AFE6F4CBBF187DD22187911)
5:017  0:000  - [07]: Volume: PciRoot(0x0)\Pci(0x17,0x0)\Sata(0x1,0x0,0x0)\HD(2,GPT,DEFFC0BD-2333-46AA-B6EA-F97845C790AF,0x64028,0xEE67FD8)\VenMedia(BE74FCF7-0B7C-49F3-9147-01F4042E6842,A9B6AA836C48CD48AD8BD06EC6EED9CA)
5:017  0:000          hiding this volume
5:017  0:000  - [08]: Volume: PciRoot(0x0)\Pci(0x17,0x0)\Sata(0x1,0x0,0x0)\HD(2,GPT,DEFFC0BD-2333-46AA-B6EA-F97845C790AF,0x64028,0xEE67FD8)\VenMedia(BE74FCF7-0B7C-49F3-9147-01F4042E6842,9FDB93C10EBAE843A97112B5325AE6D9)
5:018  0:000  - [09]: Volume: PciRoot(0x0)\Pci(0x17,0x0)\Sata(0x1,0x0,0x0)\HD(2,GPT,DEFFC0BD-2333-46AA-B6EA-F97845C790AF,0x64028,0xEE67FD8)\VenMedia(BE74FCF7-0B7C-49F3-9147-01F4042E6842,3C9B0C4CAF5DE745A45771693728D271)
5:018  0:000  found 2 handles with audio
5:018  0:000  got index=1
5:018  0:000  got volume 0
5:018  0:000  Found Audio Device Conexant (Unknown) (Headphones) at index 0
5:018  0:000  Found Audio Device Conexant (Unknown) (Speaker) at index 1
5:018  0:000  Found Audio Device Intel Kaby Lake HDMI (HDMI) at index 2
5:019  0:000  === [ InitXTheme ] ==============================
5:019  0:000  use Daylight theme
5:029  0:010  Using theme 'Neon' (EFI\CLOVER\themes\Neon)
5:029  0:000  chosen theme Neon
5:029  0:000  OS main and drive as badge
5:062  0:033  os_clover not decoded
5:069  0:006  theme inited
5:069  0:000  Chosen theme Neon
5:070  0:000  after NVRAM boot-args=gfxrst=1 darkwake=0 dart=0 -disablegfxfirmware -v
5:070  0:000  === [ Dump SMC keys from NVRAM ] ================
5:070  0:000  found AppleSMC protocol
5:113  0:043  === [ ScanLoader ] ==============================
5:113  0:000  - [01]: 'EFI'
5:114  0:000          AddLoaderEntry for Volume Name=EFI
5:114  0:000  IconName=vista,win comma=5 size=9
5:114  0:000    first=os_vista
5:114  0:000      Loader entry created for 'PciRoot(0x0)\Pci(0x17,0x0)\Sata(0x1,0x0,0x0)\HD(1,GPT,55130A55-05E4-40AC-9F36-820DA3D06CF6,0x28,0x64000)\EFI\microsoft\Boot\bootmgfw.efi'
5:115  0:000          AddLoaderEntry for Volume Name=EFI
5:115  0:000          skipped because entry is hidden
5:115  0:000  - [03]: ''
5:123  0:008  - [05]: 'Preboot', hidden
5:123  0:000  - [06]: 'MacOS - Data'
5:125  0:002  - [07]: 'Recovery', hidden
5:125  0:000  - [08]: 'VM'
5:125  0:000  - [09]: 'MacOS'
5:133  0:007          AddLoaderEntry for Volume Name=MacOS
5:137  0:004      hibernated: set as never
5:137  0:000  IconName=cata,mac comma=4 size=8
5:137  0:000    first=os_cata
5:138  0:000      Loader entry created for 'PciRoot(0x0)\Pci(0x17,0x0)\Sata(0x1,0x0,0x0)\HD(2,GPT,DEFFC0BD-2333-46AA-B6EA-F97845C790AF,0x64028,0xEE67FD8)\VenMedia(BE74FCF7-0B7C-49F3-9147-01F4042E6842,3C9B0C4CAF5DE745A45771693728D271)\System\Library\CoreServices\boot.efi'
5:138  0:000  === [ AddCustomTool ] ===========================
5:139  0:000  === [ GetEfiBootDeviceFromNvram ] ===============
5:140  0:000   - efi-boot-device-data: PciRoot(0x0)\Pci(0x17,0x0)\Sata(0x1,0x0,0x0)\HD(2,GPT,DEFFC0BD-2333-46AA-B6EA-F97845C790AF,0x64028,0xEE67FD8)\VenMedia(BE74FCF7-0B7C-49F3-9147-01F4042E6842,3C9B0C4CAF5DE745A45771693728D271)
5:140  0:000    - Volume: 'PciRoot(0x0)\Pci(0x17,0x0)\Sata(0x1,0x0,0x0)\HD(2,GPT,DEFFC0BD-2333-46AA-B6EA-F97845C790AF,0x64028,0xEE67FD8)\VenMedia(BE74FCF7-0B7C-49F3-9147-01F4042E6842,3C9B0C4CAF5DE745A45771693728D271)'
5:140  0:000    - LoaderPath: ''
5:140  0:000    - Guid = DEFFC0BD-2333-46AA-B6EA-F97845C790AF
5:140  0:000  === [ FindStartupDiskVolume ] ===================
5:140  0:000    - Volume: partition = PciRoot(0x0)\Pci(0x17,0x0)\Sata(0x1,0x0,0x0)\HD(2,GPT,DEFFC0BD-2333-46AA-B6EA-F97845C790AF,0x64028,0xEE67FD8)\VenMedia(BE74FCF7-0B7C-49F3-9147-01F4042E6842,3C9B0C4CAF5DE745A45771693728D271)
5:140  0:000     - searching for that partition
5:140  0:000      - found entry 1. 'Boot macOS from MacOS', Volume 'MacOS'
5:140  0:000  Boot redirected to Entry 1. 'Boot macOS from MacOS'
5:140  0:000  BannerPlace at Clear Screen [720,192]
5:230  0:090  AnimeRun=0
12:282  7:052  GUI ready
